datetime:	count500:	count200:	count404:
1575112676	5859	204133	19359	
1575112686	7224	209240	20363	
1575112696	8956	214508	21452	
1575112707	10827	220884	22501	
1575112716	12112	225554	23263	
1575112726	14057	230470	24315	
1575112736	15295	236067	25435	
1575112747	16855	242238	26413	
1575112756	18103	248060	27126	
1575112768	20190	253737	28387	
1575112776	21185	258420	28977	
1575112786	22400	263867	29813	
1575112796	24005	268513	30680	
1575112808	25926	274057	31957	
1575112816	26972	278454	32604	
1575112826	28758	284173	33511	
1575112836	30212	289756	34424	
1575112848	32045	296050	35640	
1575112856	33016	300638	36627	
1575112866	34365	306259	37501	
1575112879	36746	313410	38926	
1575112886	38072	317051	39530	
1575112896	39551	322509	40278	
1575112915	42721	332197	41898	
1575112916	42999	332632	42020	
1575112926	44481	338110	42790	
1575112936	45529	343549	43750	
1575112946	47651	349328	44533	
1575112958	48824	356985	45867	
1575112970	50834	364112	47186	
1575112976	51698	368087	47777	
1575112986	53613	373965	48714	
1575112996	55359	380016	49723	
1575113006	56693	385738	50602	
1575113016	58097	391753	51744	
1575113026	59637	397211	52425	
1575113036	61069	402350	53574	
1575113048	62931	408269	54746	
1575113056	63763	413168	55286	
1575113066	65341	418333	56233	
1575113076	66523	424729	57284	
1575113086	68083	430762	58492	
1575113097	69788	436198	59405	
1575113106	70952	441055	60151	
1575113116	72675	445701	61279	
1575113126	74044	450754	62289	
1575113136	75424	456475	63181	
1575113146	77040	462256	64157	
1575113156	78576	466873	65209	
1575113166	79679	472231	66122	
1575113176	80609	477872	67208	
1575113186	82187	483020	68101	
1575113208	85587	495167	70459	
1575113216	86825	499992	71215	
1575113226	88669	505413	72337	
1575113236	90465	511220	73241	
1575113246	92168	517152	74106	
1575113256	94115	522686	75135	
1575113266	95638	528772	75919	
1575113276	96912	533906	77008	
1575113286	98330	538954	77766	
1575113296	99752	543776	78908	
1575113306	100935	549200	79730	
1575113316	102468	554151	80831	
1575113326	103883	559946	81964	
1575113336	105601	565189	83022	
1575113346	106877	570334	83871	
1575113356	108511	574729	85022	
1575113366	109812	579898	85825	
1575113376	111322	584813	86772	
1575113386	112891	590783	87809	
1575113396	114898	596128	88700	
1575113406	116266	601252	89470	
1575113416	117712	606381	90428	
1575113426	119217	611478	91285	
1575113436	120627	616549	92097	
1575113446	122009	622102	93053	
1575113456	123420	627719	94199	
1575113466	124837	633332	95096	
1575113476	126063	638502	96002	
1575113486	126872	644288	96979	
1575113496	127978	649841	97809	
1575113506	129520	655052	98720	
1575113516	130904	661565	99716	
1575113526	132222	668005	100828	
1575113536	133473	671692	101475	
1575113546	134050	674583	101925	
1575113556	134587	677535	102477	
1575113566	135134	680490	102990	
1575113576	135987	683709	103500	
1575113586	136483	686442	104039	
1575113596	137505	689783	104640	
1575113606	138259	692954	105272	
1575113616	139265	696354	105875	
1575113626	139937	699581	106471	
1575113636	140843	703348	107197	
1575113646	141903	706899	107759	
1575113656	142629	709824	108219	
1575113666	143213	712809	108693	
1575113676	143818	716277	109300	
1575113686	144711	720218	109906	
1575113696	145395	724189	110467	
1575113706	146468	727680	111211	
1575113716	147504	731662	111889	
1575113726	148755	735337	112419	
1575113736	150078	739130	113091	
1575113746	151535	743391	113852	
1575113756	152900	747520	114402	
1575113766	154069	751442	114972	
1575113776	155261	755647	115643	
1575113786	156616	760097	116493	
1575113796	157429	764469	117461	
1575113806	158742	769295	118263	
1575113816	160130	774430	118992	
1575113826	161561	779604	119965	
1575113836	162682	784921	120876	
1575113846	164335	789920	121652	
1575113856	165753	794949	122703	
1575113871	168102	802375	123973	
1575113876	168801	805562	124457	
1575113886	170253	810831	125583	
1575113896	171828	815635	126464	
1575113906	173031	821057	127322	
1575113916	174259	826582	128040	
1575113926	175494	831677	129052	
1575113936	176501	837020	130106	
1575113946	178277	842639	131118	
1575113958	179576	849325	132327	
1575113966	180845	853101	133080	
1575113976	182440	857969	133998	
1575113986	183823	863262	134831	
1575113996	185382	868390	135630	
1575114006	186922	874106	136310	
1575114016	188582	880026	137467	
1575114026	190015	884913	138340	
1575114036	191349	890063	139183	
1575114053	192509	895196	140181	
1575114056	192819	896870	140340	
1575114069	194574	903885	141603	
1575114076	195527	907653	142294	
1575114088	197928	914165	143342	
1575114099	199513	920151	144475	
1575114106	200511	924262	145231	
1575114116	201731	929319	146222	
1575114126	203245	934121	147137	
1575114136	204563	939617	148212	
1575114148	206410	945889	149608	
1575114156	207762	949925	150383	
1575114166	209136	954948	151337	
1575114176	210399	960184	152104	
1575114186	211600	965475	153120	
1575114196	213525	970166	153957	
1575114206	214980	975995	155076	
1575114216	216423	981232	155742	
1575114226	217587	986561	156794	
1575114236	218810	991740	157750	
1575114246	220299	996786	158603	
1575114256	221792	1001477	159620	
1575114266	223148	1007022	160673	
1575114277	224748	1013841	161704	
1575114286	226343	1019070	162539	
1575114296	228082	1024829	163545	
1575114306	229789	1029740	164375	
1575114316	231093	1035071	165283	
1575114326	233371	1040133	166183	
1575114336	234894	1045593	167243	
1575114346	236673	1050202	168111	
1575114361	238403	1057913	169647	
1575114366	239215	1060160	170271	
1575114376	240535	1065471	171168	
1575114386	242080	1070734	172273	
1575114396	243228	1076266	173297	
1575114406	244750	1081547	174028	
1575114416	246095	1086742	174782	
1575114426	247364	1091934	175599	
1575114436	248776	1097034	176577	
1575114448	250638	1103656	177445	
1575114456	251754	1108280	178451	
1575114467	253135	1113954	179393	
1575114476	254367	1118599	180149	
1575114486	255779	1123808	180832	
1575114496	257125	1128929	181737	
1575114506	258661	1134389	182673	
1575114516	259840	1140697	183643	
1575114529	261668	1146769	184553	
1575114539	262433	1150245	185076	
1575114546	263256	1153952	185608	
1575114556	264670	1158885	186487	
1575114566	266200	1164151	187464	
1575114576	267563	1170087	188522	
1575114586	268941	1175763	189425	
1575114596	270362	1181253	190367	
1575114606	271961	1186632	191335	
1575114616	273337	1192389	192195	
1575114626	274922	1197865	193279	
1575114636	276574	1203457	194285	
1575114646	278079	1209229	195243	
1575114656	279789	1214734	196206	
1575114666	281477	1220345	197244	
1575114676	283029	1225637	198343	
1575114686	284385	1231502	199328	
1575114696	285802	1237356	200369	
1575114706	286804	1242719	201462	
1575114716	288133	1247846	202572	
1575114728	289628	1253950	203608	
1575114736	290636	1258076	204452	
1575114746	291743	1263476	205489	
1575114756	293447	1269393	206552	
1575114769	295056	1276383	207591	
1575114776	295763	1280085	208337	
1575114786	297288	1285190	209349	
1575114796	298696	1289894	210301	
1575114808	300493	1295859	211368	
1575114816	301208	1298710	211958	
1575114826	302330	1302112	212498	
1575114840	303289	1306590	213437	
1575114846	303685	1308600	213670	
1575114856	304489	1312036	214292	
1575114866	304992	1315099	214961	
1575114876	305843	1318056	215410	
1575114886	306936	1321541	215981	
1575114899	307809	1325050	216573	
1575114906	308635	1328289	217247	
1575114916	309757	1332231	217938	
1575114926	310720	1336211	218892	
1575114936	311910	1340357	219583	
1575114949	313353	1344727	220303	
1575114956	314515	1347832	220745	
1575114966	316040	1352759	221672	
1575114976	316969	1357587	222610	
1575114986	318077	1362141	223414	
1575114996	319093	1366886	224393	
1575115008	320634	1372460	225344	
1575115016	321544	1376572	226024	
1575115026	322914	1380884	226757	
1575115037	324203	1386174	227697	
1575115046	325633	1390475	228532	
1575115056	326986	1395825	229437	
1575115067	328295	1401655	230330	
1575115076	329341	1406152	231051	
1575115086	330560	1411195	232011	
1575115096	331892	1416332	232817	
1575115106	333569	1421276	233576	
1575115116	335308	1427155	234486	
1575115126	337325	1432704	235414	
1575115136	339128	1438646	236488	
1575115146	340503	1445141	237339	
1575115156	342233	1451147	238168	
1575115166	343874	1456765	239367	
1575115176	344929	1462907	240636	
1575115186	346966	1468582	241586	
1575115197	348558	1475586	242760	
1575115206	350127	1480879	243499	
1575115216	351761	1486617	244569	
1575115226	353225	1492603	245689	
1575115236	354542	1498049	246696	
1575115246	356209	1503822	247726	
1575115256	358021	1509604	248828	
1575115266	359816	1515495	249663	
1575115276	361542	1520611	250706	
1575115286	362980	1526254	251457	
1575115296	364438	1531647	252543	
1575115306	365868	1537864	253668	
1575115316	367189	1543954	254695	
1575115326	368232	1549796	255556	
1575115336	369675	1555176	256438	
1575115346	370982	1560711	257251	
1575115358	372982	1566918	258190	
1575115366	374504	1571046	259079	
1575115378	375976	1577092	259870	
1575115386	377209	1581071	260644	
1575115396	378389	1586647	261421	
1575115406	379576	1591778	262609	
1575115416	380838	1596958	263678	
1575115426	382644	1602653	264484	
1575115438	384476	1609738	265883	
1575115446	386000	1614477	266714	
1575115456	387724	1620252	267932	
1575115467	389627	1626767	269199	
1575115477	391390	1632800	269993	
1575115486	392810	1637739	270851	
1575115499	394778	1642846	271735	
1575115506	395444	1646785	272286	
1575115518	397446	1653594	273220	
1575115526	398732	1657492	273841	
1575115536	399979	1662841	274730	
1575115546	401598	1668198	275554	
1575115556	402805	1673661	276586	
1575115566	404644	1679374	277500	
1575115576	406172	1685698	278409	
1575115586	407906	1691739	279462	
1575115596	409542	1696767	280067	
1575115618	413197	1707843	282098	
1575115626	414532	1712367	282894	
1575115636	416304	1717390	283999	
1575115646	417966	1722555	285073	
1575115656	419378	1728182	286033	
1575115666	421325	1733215	286912	
1575115676	422352	1738624	287813	
1575115686	423933	1743992	288857	
1575115696	425505	1749766	289756	
1575115706	427271	1754992	290723	
1575115716	428881	1760354	291708	
1575115726	430035	1765996	292946	
1575115738	431497	1771967	294092	
1575115746	432924	1776017	294784	
1575115756	434613	1781689	295784	
1575115766	435920	1787199	296721	
1575115776	437173	1792379	297725	
1575115786	438816	1797595	298375	
1575115799	440814	1804486	299487	
1575115806	441788	1808353	300200	
1575115816	443187	1814075	301109	
1575115826	444571	1819232	302055	
1575115836	445979	1824542	302904	
1575115846	447100	1829908	303878	
1575115856	448543	1835002	304874	
1575115866	449844	1840388	305794	
1575115879	451661	1848563	307321	
1575115886	452655	1851755	307937	
1575115896	453764	1857250	308676	
1575115906	454946	1862389	309702	
1575115916	455806	1867076	310654	
1575115926	456554	1870150	311323	
1575115936	457156	1872887	311662	
1575115946	457835	1875951	312175	
1575115956	458696	1879139	312746	
1575115966	459167	1881712	313302	
1575115976	460040	1884789	313693	
1575115986	460644	1887922	314302	
1575115996	461337	1891137	314940	
1575116006	462034	1894275	315416	
1575116016	462645	1897297	315909	
1575116026	463449	1900500	316484	
1575116036	464763	1904046	317134	
1575116046	465387	1907291	317778	
1575116056	466329	1910652	318265	
1575116066	467113	1913775	318925	
1575116076	468062	1917304	319478	
1575116086	468940	1920725	320059	
1575116096	470068	1924631	320758	
1575116106	470997	1928332	321487	
1575116116	472057	1932222	322170	
1575116126	473167	1935927	322763	
1575116136	474042	1939784	323500	
1575116146	475242	1943783	324169	
1575116156	476721	1947885	324979	
1575116166	478045	1952353	325748	
1575116176	479453	1956610	326440	
1575116186	480253	1961018	327415	
1575116196	481353	1965363	328250	
1575116206	482827	1969753	329079	
1575116216	484088	1974605	330068	
1575116226	485663	1979595	331068	
1575116236	487008	1984547	332008	
1575116246	488479	1989511	332793	
1575116256	489912	1994795	333719	
1575116266	491443	1999421	334712	
1575116276	492966	2004278	335621	
1575116286	494299	2009252	336545	
